The system is: Darwin - 13.3.0 - x86_64
Compiling the C compiler identification source file "CMakeCCompilerId.c" succeeded.
Compiler: /usr/bin/cc 
Build flags: -Ofast;-march=native;-I/System/Library/Frameworks/vecLib.framework/Versions/A/Headers/
Id flags: 

The output was:
0


Compilation of the C compiler identification source "CMakeCCompilerId.c" produced "a.out"

The C compiler identification is AppleClang, found in "/Users/kvahed/git/oclpd/cmake/CMakeFiles/3.0.0/CompilerIdC/a.out"

Compiling the CXX compiler identification source file "CMakeCXXCompilerId.cpp" succeeded.
Compiler: /usr/bin/c++ 
Build flags: -Ofast;-march=native;-I/System/Library/Frameworks/vecLib.framework/Versions/A/Headers/
Id flags: 

The output was:
0


Compilation of the CXX compiler identification source "CMakeCXXCompilerId.cpp" produced "a.out"

The CXX compiler identification is AppleClang, found in "/Users/kvahed/git/oclpd/cmake/CMakeFiles/3.0.0/CompilerIdCXX/a.out"

Determining if the C compiler works passed with the following output:
Change Dir: /Users/kvahed/git/oclpd/cmake/CMakeFiles/CMakeTmp

Run Build Command:"/usr/local/bin/make" "cmTryCompileExec1968495456/fast"
/usr/local/bin/make -f CMakeFiles/cmTryCompileExec1968495456.dir/build.make CMakeFiles/cmTryCompileExec1968495456.dir/build
make[1]: Entering directory '/Users/kvahed/git/oclpd/cmake/CMakeFiles/CMakeTmp'
/Applications/CMake.app/Contents/bin/cmake -E cmake_progress_report /Users/kvahed/git/oclpd/cmake/CMakeFiles/CMakeTmp/CMakeFiles 1
Building C object CMakeFiles/cmTryCompileExec1968495456.dir/testCCompiler.c.o
/usr/bin/cc   -Ofast -march=native -I/System/Library/Frameworks/vecLib.framework/Versions/A/Headers/     -o CMakeFiles/cmTryCompileExec1968495456.dir/testCCompiler.c.o   -c /Users/kvahed/git/oclpd/cmake/CMakeFiles/CMakeTmp/testCCompiler.c
Linking C executable cmTryCompileExec1968495456
/Applications/CMake.app/Contents/bin/cmake -E cmake_link_script CMakeFiles/cmTryCompileExec1968495456.dir/link.txt --verbose=1
/usr/bin/cc  -Ofast -march=native -I/System/Library/Frameworks/vecLib.framework/Versions/A/Headers/   -Wl,-search_paths_first -Wl,-headerpad_max_install_names   CMakeFiles/cmTryCompileExec1968495456.dir/testCCompiler.c.o  -o cmTryCompileExec1968495456  
make[1]: Leaving directory '/Users/kvahed/git/oclpd/cmake/CMakeFiles/CMakeTmp'


Detecting C compiler ABI info compiled with the following output:
Change Dir: /Users/kvahed/git/oclpd/cmake/CMakeFiles/CMakeTmp

Run Build Command:"/usr/local/bin/make" "cmTryCompileExec4106385795/fast"
/usr/local/bin/make -f CMakeFiles/cmTryCompileExec4106385795.dir/build.make CMakeFiles/cmTryCompileExec4106385795.dir/build
make[1]: Entering directory '/Users/kvahed/git/oclpd/cmake/CMakeFiles/CMakeTmp'
/Applications/CMake.app/Contents/bin/cmake -E cmake_progress_report /Users/kvahed/git/oclpd/cmake/CMakeFiles/CMakeTmp/CMakeFiles 1
Building C object CMakeFiles/cmTryCompileExec4106385795.dir/CMakeCCompilerABI.c.o
/usr/bin/cc   -Ofast -march=native -I/System/Library/Frameworks/vecLib.framework/Versions/A/Headers/     -o CMakeFiles/cmTryCompileExec4106385795.dir/CMakeCCompilerABI.c.o   -c /Applications/CMake.app/Contents/share/cmake-3.0/Modules/CMakeCCompilerABI.c
Linking C executable cmTryCompileExec4106385795
/Applications/CMake.app/Contents/bin/cmake -E cmake_link_script CMakeFiles/cmTryCompileExec4106385795.dir/link.txt --verbose=1
/usr/bin/cc  -Ofast -march=native -I/System/Library/Frameworks/vecLib.framework/Versions/A/Headers/   -Wl,-search_paths_first -Wl,-headerpad_max_install_names -v -Wl,-v CMakeFiles/cmTryCompileExec4106385795.dir/CMakeCCompilerABI.c.o  -o cmTryCompileExec4106385795   
Apple LLVM version 5.1 (clang-503.0.40) (based on LLVM 3.4svn)
Target: x86_64-apple-darwin13.3.0
Thread model: posix
 "/Applications/Xcode.app/Contents/Developer/Toolchains/XcodeDefault.xctoolchain/usr/bin/ld" -demangle -dynamic -arch x86_64 -macosx_version_min 10.9.0 -o cmTryCompileExec4106385795 -search_paths_first -headerpad_max_install_names -v CMakeFiles/cmTryCompileExec4106385795.dir/CMakeCCompilerABI.c.o -lSystem /Applications/Xcode.app/Contents/Developer/Toolchains/XcodeDefault.xctoolchain/usr/bin/../lib/clang/5.1/lib/darwin/libclang_rt.osx.a
@(#)PROGRAM:ld  PROJECT:ld64-236.4
configured to support archs: armv6 armv7 armv7s arm64 i386 x86_64 armv6m armv7m armv7em
Library search paths:
	/usr/lib
	/usr/local/lib
Framework search paths:
	/Library/Frameworks/
	/System/Library/Frameworks/
make[1]: Leaving directory '/Users/kvahed/git/oclpd/cmake/CMakeFiles/CMakeTmp'


Parsed C implicit link information from above output:
  link line regex: [^( *|.*[/\])(ld|([^/\]+-)?ld|collect2)[^/\]*( |$)]
  ignore line: [Change Dir: /Users/kvahed/git/oclpd/cmake/CMakeFiles/CMakeTmp]
  ignore line: []
  ignore line: [Run Build Command:"/usr/local/bin/make" "cmTryCompileExec4106385795/fast"]
  ignore line: [/usr/local/bin/make -f CMakeFiles/cmTryCompileExec4106385795.dir/build.make CMakeFiles/cmTryCompileExec4106385795.dir/build]
  ignore line: [make[1]: Entering directory '/Users/kvahed/git/oclpd/cmake/CMakeFiles/CMakeTmp']
  ignore line: [/Applications/CMake.app/Contents/bin/cmake -E cmake_progress_report /Users/kvahed/git/oclpd/cmake/CMakeFiles/CMakeTmp/CMakeFiles 1]
  ignore line: [Building C object CMakeFiles/cmTryCompileExec4106385795.dir/CMakeCCompilerABI.c.o]
  ignore line: [/usr/bin/cc   -Ofast -march=native -I/System/Library/Frameworks/vecLib.framework/Versions/A/Headers/     -o CMakeFiles/cmTryCompileExec4106385795.dir/CMakeCCompilerABI.c.o   -c /Applications/CMake.app/Contents/share/cmake-3.0/Modules/CMakeCCompilerABI.c]
  ignore line: [Linking C executable cmTryCompileExec4106385795]
  ignore line: [/Applications/CMake.app/Contents/bin/cmake -E cmake_link_script CMakeFiles/cmTryCompileExec4106385795.dir/link.txt --verbose=1]
  ignore line: [/usr/bin/cc  -Ofast -march=native -I/System/Library/Frameworks/vecLib.framework/Versions/A/Headers/   -Wl,-search_paths_first -Wl,-headerpad_max_install_names -v -Wl,-v CMakeFiles/cmTryCompileExec4106385795.dir/CMakeCCompilerABI.c.o  -o cmTryCompileExec4106385795   ]
  ignore line: [Apple LLVM version 5.1 (clang-503.0.40) (based on LLVM 3.4svn)]
  ignore line: [Target: x86_64-apple-darwin13.3.0]
  ignore line: [Thread model: posix]
  link line: [ "/Applications/Xcode.app/Contents/Developer/Toolchains/XcodeDefault.xctoolchain/usr/bin/ld" -demangle -dynamic -arch x86_64 -macosx_version_min 10.9.0 -o cmTryCompileExec4106385795 -search_paths_first -headerpad_max_install_names -v CMakeFiles/cmTryCompileExec4106385795.dir/CMakeCCompilerABI.c.o -lSystem /Applications/Xcode.app/Contents/Developer/Toolchains/XcodeDefault.xctoolchain/usr/bin/../lib/clang/5.1/lib/darwin/libclang_rt.osx.a]
    arg [/Applications/Xcode.app/Contents/Developer/Toolchains/XcodeDefault.xctoolchain/usr/bin/ld] ==> ignore
    arg [-demangle] ==> ignore
    arg [-dynamic] ==> ignore
    arg [-arch] ==> ignore
    arg [x86_64] ==> ignore
    arg [-macosx_version_min] ==> ignore
    arg [10.9.0] ==> ignore
    arg [-o] ==> ignore
    arg [cmTryCompileExec4106385795] ==> ignore
    arg [-search_paths_first] ==> ignore
    arg [-headerpad_max_install_names] ==> ignore
    arg [-v] ==> ignore
    arg [CMakeFiles/cmTryCompileExec4106385795.dir/CMakeCCompilerABI.c.o] ==> ignore
    arg [-lSystem] ==> lib [System]
    arg [/Applications/Xcode.app/Contents/Developer/Toolchains/XcodeDefault.xctoolchain/usr/bin/../lib/clang/5.1/lib/darwin/libclang_rt.osx.a] ==> lib [/Applications/Xcode.app/Contents/Developer/Toolchains/XcodeDefault.xctoolchain/usr/bin/../lib/clang/5.1/lib/darwin/libclang_rt.osx.a]
  Library search paths: [;/usr/lib;/usr/local/lib]
  Framework search paths: [;/Library/Frameworks/;/System/Library/Frameworks/]
  remove lib [System]
  collapse lib [/Applications/Xcode.app/Contents/Developer/Toolchains/XcodeDefault.xctoolchain/usr/bin/../lib/clang/5.1/lib/darwin/libclang_rt.osx.a] ==> [/Applications/Xcode.app/Contents/Developer/Toolchains/XcodeDefault.xctoolchain/usr/lib/clang/5.1/lib/darwin/libclang_rt.osx.a]
  collapse library dir [/usr/lib] ==> [/usr/lib]
  collapse library dir [/usr/local/lib] ==> [/usr/local/lib]
  collapse framework dir [/Library/Frameworks/] ==> [/Library/Frameworks]
  collapse framework dir [/System/Library/Frameworks/] ==> [/System/Library/Frameworks]
  implicit libs: [/Applications/Xcode.app/Contents/Developer/Toolchains/XcodeDefault.xctoolchain/usr/lib/clang/5.1/lib/darwin/libclang_rt.osx.a]
  implicit dirs: [/usr/lib;/usr/local/lib]
  implicit fwks: [/Library/Frameworks;/System/Library/Frameworks]


Determining if the CXX compiler works passed with the following output:
Change Dir: /Users/kvahed/git/oclpd/cmake/CMakeFiles/CMakeTmp

Run Build Command:"/usr/local/bin/make" "cmTryCompileExec2763810351/fast"
/usr/local/bin/make -f CMakeFiles/cmTryCompileExec2763810351.dir/build.make CMakeFiles/cmTryCompileExec2763810351.dir/build
make[1]: Entering directory '/Users/kvahed/git/oclpd/cmake/CMakeFiles/CMakeTmp'
/Applications/CMake.app/Contents/bin/cmake -E cmake_progress_report /Users/kvahed/git/oclpd/cmake/CMakeFiles/CMakeTmp/CMakeFiles 1
Building CXX object CMakeFiles/cmTryCompileExec2763810351.dir/testCXXCompiler.cxx.o
/usr/bin/c++    -Ofast -march=native -I/System/Library/Frameworks/vecLib.framework/Versions/A/Headers/     -o CMakeFiles/cmTryCompileExec2763810351.dir/testCXXCompiler.cxx.o -c /Users/kvahed/git/oclpd/cmake/CMakeFiles/CMakeTmp/testCXXCompiler.cxx
Linking CXX executable cmTryCompileExec2763810351
/Applications/CMake.app/Contents/bin/cmake -E cmake_link_script CMakeFiles/cmTryCompileExec2763810351.dir/link.txt --verbose=1
/usr/bin/c++   -Ofast -march=native -I/System/Library/Frameworks/vecLib.framework/Versions/A/Headers/   -Wl,-search_paths_first -Wl,-headerpad_max_install_names   CMakeFiles/cmTryCompileExec2763810351.dir/testCXXCompiler.cxx.o  -o cmTryCompileExec2763810351  
make[1]: Leaving directory '/Users/kvahed/git/oclpd/cmake/CMakeFiles/CMakeTmp'


Detecting CXX compiler ABI info compiled with the following output:
Change Dir: /Users/kvahed/git/oclpd/cmake/CMakeFiles/CMakeTmp

Run Build Command:"/usr/local/bin/make" "cmTryCompileExec1815263267/fast"
/usr/local/bin/make -f CMakeFiles/cmTryCompileExec1815263267.dir/build.make CMakeFiles/cmTryCompileExec1815263267.dir/build
make[1]: Entering directory '/Users/kvahed/git/oclpd/cmake/CMakeFiles/CMakeTmp'
/Applications/CMake.app/Contents/bin/cmake -E cmake_progress_report /Users/kvahed/git/oclpd/cmake/CMakeFiles/CMakeTmp/CMakeFiles 1
Building CXX object CMakeFiles/cmTryCompileExec1815263267.dir/CMakeCXXCompilerABI.cpp.o
/usr/bin/c++    -Ofast -march=native -I/System/Library/Frameworks/vecLib.framework/Versions/A/Headers/     -o CMakeFiles/cmTryCompileExec1815263267.dir/CMakeCXXCompilerABI.cpp.o -c /Applications/CMake.app/Contents/share/cmake-3.0/Modules/CMakeCXXCompilerABI.cpp
Linking CXX executable cmTryCompileExec1815263267
/Applications/CMake.app/Contents/bin/cmake -E cmake_link_script CMakeFiles/cmTryCompileExec1815263267.dir/link.txt --verbose=1
/usr/bin/c++   -Ofast -march=native -I/System/Library/Frameworks/vecLib.framework/Versions/A/Headers/   -Wl,-search_paths_first -Wl,-headerpad_max_install_names -v -Wl,-v CMakeFiles/cmTryCompileExec1815263267.dir/CMakeCXXCompilerABI.cpp.o  -o cmTryCompileExec1815263267   
Apple LLVM version 5.1 (clang-503.0.40) (based on LLVM 3.4svn)
Target: x86_64-apple-darwin13.3.0
Thread model: posix
 "/Applications/Xcode.app/Contents/Developer/Toolchains/XcodeDefault.xctoolchain/usr/bin/ld" -demangle -dynamic -arch x86_64 -macosx_version_min 10.9.0 -o cmTryCompileExec1815263267 -search_paths_first -headerpad_max_install_names -v CMakeFiles/cmTryCompileExec1815263267.dir/CMakeCXXCompilerABI.cpp.o -lc++ -lSystem /Applications/Xcode.app/Contents/Developer/Toolchains/XcodeDefault.xctoolchain/usr/bin/../lib/clang/5.1/lib/darwin/libclang_rt.osx.a
@(#)PROGRAM:ld  PROJECT:ld64-236.4
configured to support archs: armv6 armv7 armv7s arm64 i386 x86_64 armv6m armv7m armv7em
Library search paths:
	/usr/lib
	/usr/local/lib
Framework search paths:
	/Library/Frameworks/
	/System/Library/Frameworks/
make[1]: Leaving directory '/Users/kvahed/git/oclpd/cmake/CMakeFiles/CMakeTmp'


Parsed CXX implicit link information from above output:
  link line regex: [^( *|.*[/\])(ld|([^/\]+-)?ld|collect2)[^/\]*( |$)]
  ignore line: [Change Dir: /Users/kvahed/git/oclpd/cmake/CMakeFiles/CMakeTmp]
  ignore line: []
  ignore line: [Run Build Command:"/usr/local/bin/make" "cmTryCompileExec1815263267/fast"]
  ignore line: [/usr/local/bin/make -f CMakeFiles/cmTryCompileExec1815263267.dir/build.make CMakeFiles/cmTryCompileExec1815263267.dir/build]
  ignore line: [make[1]: Entering directory '/Users/kvahed/git/oclpd/cmake/CMakeFiles/CMakeTmp']
  ignore line: [/Applications/CMake.app/Contents/bin/cmake -E cmake_progress_report /Users/kvahed/git/oclpd/cmake/CMakeFiles/CMakeTmp/CMakeFiles 1]
  ignore line: [Building CXX object CMakeFiles/cmTryCompileExec1815263267.dir/CMakeCXXCompilerABI.cpp.o]
  ignore line: [/usr/bin/c++    -Ofast -march=native -I/System/Library/Frameworks/vecLib.framework/Versions/A/Headers/     -o CMakeFiles/cmTryCompileExec1815263267.dir/CMakeCXXCompilerABI.cpp.o -c /Applications/CMake.app/Contents/share/cmake-3.0/Modules/CMakeCXXCompilerABI.cpp]
  ignore line: [Linking CXX executable cmTryCompileExec1815263267]
  ignore line: [/Applications/CMake.app/Contents/bin/cmake -E cmake_link_script CMakeFiles/cmTryCompileExec1815263267.dir/link.txt --verbose=1]
  ignore line: [/usr/bin/c++   -Ofast -march=native -I/System/Library/Frameworks/vecLib.framework/Versions/A/Headers/   -Wl,-search_paths_first -Wl,-headerpad_max_install_names -v -Wl,-v CMakeFiles/cmTryCompileExec1815263267.dir/CMakeCXXCompilerABI.cpp.o  -o cmTryCompileExec1815263267   ]
  ignore line: [Apple LLVM version 5.1 (clang-503.0.40) (based on LLVM 3.4svn)]
  ignore line: [Target: x86_64-apple-darwin13.3.0]
  ignore line: [Thread model: posix]
  link line: [ "/Applications/Xcode.app/Contents/Developer/Toolchains/XcodeDefault.xctoolchain/usr/bin/ld" -demangle -dynamic -arch x86_64 -macosx_version_min 10.9.0 -o cmTryCompileExec1815263267 -search_paths_first -headerpad_max_install_names -v CMakeFiles/cmTryCompileExec1815263267.dir/CMakeCXXCompilerABI.cpp.o -lc++ -lSystem /Applications/Xcode.app/Contents/Developer/Toolchains/XcodeDefault.xctoolchain/usr/bin/../lib/clang/5.1/lib/darwin/libclang_rt.osx.a]
    arg [/Applications/Xcode.app/Contents/Developer/Toolchains/XcodeDefault.xctoolchain/usr/bin/ld] ==> ignore
    arg [-demangle] ==> ignore
    arg [-dynamic] ==> ignore
    arg [-arch] ==> ignore
    arg [x86_64] ==> ignore
    arg [-macosx_version_min] ==> ignore
    arg [10.9.0] ==> ignore
    arg [-o] ==> ignore
    arg [cmTryCompileExec1815263267] ==> ignore
    arg [-search_paths_first] ==> ignore
    arg [-headerpad_max_install_names] ==> ignore
    arg [-v] ==> ignore
    arg [CMakeFiles/cmTryCompileExec1815263267.dir/CMakeCXXCompilerABI.cpp.o] ==> ignore
    arg [-lc++] ==> lib [c++]
    arg [-lSystem] ==> lib [System]
    arg [/Applications/Xcode.app/Contents/Developer/Toolchains/XcodeDefault.xctoolchain/usr/bin/../lib/clang/5.1/lib/darwin/libclang_rt.osx.a] ==> lib [/Applications/Xcode.app/Contents/Developer/Toolchains/XcodeDefault.xctoolchain/usr/bin/../lib/clang/5.1/lib/darwin/libclang_rt.osx.a]
  Library search paths: [;/usr/lib;/usr/local/lib]
  Framework search paths: [;/Library/Frameworks/;/System/Library/Frameworks/]
  remove lib [System]
  collapse lib [/Applications/Xcode.app/Contents/Developer/Toolchains/XcodeDefault.xctoolchain/usr/bin/../lib/clang/5.1/lib/darwin/libclang_rt.osx.a] ==> [/Applications/Xcode.app/Contents/Developer/Toolchains/XcodeDefault.xctoolchain/usr/lib/clang/5.1/lib/darwin/libclang_rt.osx.a]
  collapse library dir [/usr/lib] ==> [/usr/lib]
  collapse library dir [/usr/local/lib] ==> [/usr/local/lib]
  collapse framework dir [/Library/Frameworks/] ==> [/Library/Frameworks]
  collapse framework dir [/System/Library/Frameworks/] ==> [/System/Library/Frameworks]
  implicit libs: [c++;/Applications/Xcode.app/Contents/Developer/Toolchains/XcodeDefault.xctoolchain/usr/lib/clang/5.1/lib/darwin/libclang_rt.osx.a]
  implicit dirs: [/usr/lib;/usr/local/lib]
  implicit fwks: [/Library/Frameworks;/System/Library/Frameworks]


Determining if the include file sys/types.h exists passed with the following output:
Change Dir: /Users/kvahed/git/oclpd/cmake/CMakeFiles/CMakeTmp

Run Build Command:"/usr/local/bin/make" "cmTryCompileExec1427890915/fast"
/usr/local/bin/make -f CMakeFiles/cmTryCompileExec1427890915.dir/build.make CMakeFiles/cmTryCompileExec1427890915.dir/build
make[1]: Entering directory '/Users/kvahed/git/oclpd/cmake/CMakeFiles/CMakeTmp'
/Applications/CMake.app/Contents/bin/cmake -E cmake_progress_report /Users/kvahed/git/oclpd/cmake/CMakeFiles/CMakeTmp/CMakeFiles 1
Building C object CMakeFiles/cmTryCompileExec1427890915.dir/CheckIncludeFile.c.o
/usr/bin/cc   -Ofast -march=native -I/System/Library/Frameworks/vecLib.framework/Versions/A/Headers/     -o CMakeFiles/cmTryCompileExec1427890915.dir/CheckIncludeFile.c.o   -c /Users/kvahed/git/oclpd/cmake/CMakeFiles/CMakeTmp/CheckIncludeFile.c
Linking C executable cmTryCompileExec1427890915
/Applications/CMake.app/Contents/bin/cmake -E cmake_link_script CMakeFiles/cmTryCompileExec1427890915.dir/link.txt --verbose=1
/usr/bin/cc  -Ofast -march=native -I/System/Library/Frameworks/vecLib.framework/Versions/A/Headers/   -Wl,-search_paths_first -Wl,-headerpad_max_install_names   CMakeFiles/cmTryCompileExec1427890915.dir/CheckIncludeFile.c.o  -o cmTryCompileExec1427890915  
make[1]: Leaving directory '/Users/kvahed/git/oclpd/cmake/CMakeFiles/CMakeTmp'


Determining if the include file stdint.h exists passed with the following output:
Change Dir: /Users/kvahed/git/oclpd/cmake/CMakeFiles/CMakeTmp

Run Build Command:"/usr/local/bin/make" "cmTryCompileExec356822032/fast"
/usr/local/bin/make -f CMakeFiles/cmTryCompileExec356822032.dir/build.make CMakeFiles/cmTryCompileExec356822032.dir/build
make[1]: Entering directory '/Users/kvahed/git/oclpd/cmake/CMakeFiles/CMakeTmp'
/Applications/CMake.app/Contents/bin/cmake -E cmake_progress_report /Users/kvahed/git/oclpd/cmake/CMakeFiles/CMakeTmp/CMakeFiles 1
Building C object CMakeFiles/cmTryCompileExec356822032.dir/CheckIncludeFile.c.o
/usr/bin/cc   -Ofast -march=native -I/System/Library/Frameworks/vecLib.framework/Versions/A/Headers/     -o CMakeFiles/cmTryCompileExec356822032.dir/CheckIncludeFile.c.o   -c /Users/kvahed/git/oclpd/cmake/CMakeFiles/CMakeTmp/CheckIncludeFile.c
Linking C executable cmTryCompileExec356822032
/Applications/CMake.app/Contents/bin/cmake -E cmake_link_script CMakeFiles/cmTryCompileExec356822032.dir/link.txt --verbose=1
/usr/bin/cc  -Ofast -march=native -I/System/Library/Frameworks/vecLib.framework/Versions/A/Headers/   -Wl,-search_paths_first -Wl,-headerpad_max_install_names   CMakeFiles/cmTryCompileExec356822032.dir/CheckIncludeFile.c.o  -o cmTryCompileExec356822032  
make[1]: Leaving directory '/Users/kvahed/git/oclpd/cmake/CMakeFiles/CMakeTmp'


Determining if the include file stddef.h exists passed with the following output:
Change Dir: /Users/kvahed/git/oclpd/cmake/CMakeFiles/CMakeTmp

Run Build Command:"/usr/local/bin/make" "cmTryCompileExec3500600120/fast"
/usr/local/bin/make -f CMakeFiles/cmTryCompileExec3500600120.dir/build.make CMakeFiles/cmTryCompileExec3500600120.dir/build
make[1]: Entering directory '/Users/kvahed/git/oclpd/cmake/CMakeFiles/CMakeTmp'
/Applications/CMake.app/Contents/bin/cmake -E cmake_progress_report /Users/kvahed/git/oclpd/cmake/CMakeFiles/CMakeTmp/CMakeFiles 1
Building C object CMakeFiles/cmTryCompileExec3500600120.dir/CheckIncludeFile.c.o
/usr/bin/cc   -Ofast -march=native -I/System/Library/Frameworks/vecLib.framework/Versions/A/Headers/     -o CMakeFiles/cmTryCompileExec3500600120.dir/CheckIncludeFile.c.o   -c /Users/kvahed/git/oclpd/cmake/CMakeFiles/CMakeTmp/CheckIncludeFile.c
Linking C executable cmTryCompileExec3500600120
/Applications/CMake.app/Contents/bin/cmake -E cmake_link_script CMakeFiles/cmTryCompileExec3500600120.dir/link.txt --verbose=1
/usr/bin/cc  -Ofast -march=native -I/System/Library/Frameworks/vecLib.framework/Versions/A/Headers/   -Wl,-search_paths_first -Wl,-headerpad_max_install_names   CMakeFiles/cmTryCompileExec3500600120.dir/CheckIncludeFile.c.o  -o cmTryCompileExec3500600120  
make[1]: Leaving directory '/Users/kvahed/git/oclpd/cmake/CMakeFiles/CMakeTmp'


Determining size of void* passed with the following output:
Change Dir: /Users/kvahed/git/oclpd/cmake/CMakeFiles/CMakeTmp

Run Build Command:"/usr/local/bin/make" "cmTryCompileExec2632951408/fast"
/usr/local/bin/make -f CMakeFiles/cmTryCompileExec2632951408.dir/build.make CMakeFiles/cmTryCompileExec2632951408.dir/build
make[1]: Entering directory '/Users/kvahed/git/oclpd/cmake/CMakeFiles/CMakeTmp'
/Applications/CMake.app/Contents/bin/cmake -E cmake_progress_report /Users/kvahed/git/oclpd/cmake/CMakeFiles/CMakeTmp/CMakeFiles 1
Building C object CMakeFiles/cmTryCompileExec2632951408.dir/SIZEOF_VOID_P.c.o
/usr/bin/cc   -Ofast -march=native -I/System/Library/Frameworks/vecLib.framework/Versions/A/Headers/     -o CMakeFiles/cmTryCompileExec2632951408.dir/SIZEOF_VOID_P.c.o   -c /Users/kvahed/git/oclpd/cmake/CMakeFiles/CheckTypeSize/SIZEOF_VOID_P.c
Linking C executable cmTryCompileExec2632951408
/Applications/CMake.app/Contents/bin/cmake -E cmake_link_script CMakeFiles/cmTryCompileExec2632951408.dir/link.txt --verbose=1
/usr/bin/cc  -Ofast -march=native -I/System/Library/Frameworks/vecLib.framework/Versions/A/Headers/   -Wl,-search_paths_first -Wl,-headerpad_max_install_names   CMakeFiles/cmTryCompileExec2632951408.dir/SIZEOF_VOID_P.c.o  -o cmTryCompileExec2632951408  
make[1]: Leaving directory '/Users/kvahed/git/oclpd/cmake/CMakeFiles/CMakeTmp'


